<?xml version="1.0" encoding="UTF-8"?>
<!-- Generated by org.testng.reporters.JUnitReportReporter -->
<testsuite skipped="0" hostname="Prashant-Laptop" name="package_ATUTestRecorder.Demo" tests="1" failures="0" timestamp="08 Aug 2020 19:23:18 GMT" time="2.649" errors="0">
  <testcase name="ScreenResolutions" time="2.649" classname="package_ATUTestRecorder.Demo"/>
</testsuite> <!-- package_ATUTestRecorder.Demo -->
