<?xml version="1.0" encoding="UTF-8"?>
<!-- Generated by org.testng.reporters.JUnitReportReporter -->
<testsuite hostname="360NDCLP153" failures="0" tests="3" name="TestNGExercises.DataProviderANDParameter" time="0.105" errors="0" timestamp="2020-10-27T18:58:56 IST" skipped="0">
  <testcase classname="TestNGExercises.DataProviderANDParameter" name="getTitle" time="0.097"/>
  <system-out/>
  <testcase classname="TestNGExercises.DataProviderANDParameter" name="MainActionValid" time="0.004"/>
  <system-out/>
  <testcase classname="TestNGExercises.DataProviderANDParameter" name="MainActionValid" time="0.004"/>
  <system-out/>
</testsuite> <!-- TestNGExercises.DataProviderANDParameter -->
